notes@ D:\Courses\Udemy\Meteor-React\meteor-projects\notes
+-- babel-runtime@6.26.0
| +-- core-js@2.5.1
| `-- regenerator-runtime@0.11.0
+-- history@4.7.2
| +-- invariant@2.2.2
| | `-- loose-envify@1.3.1 deduped
| +-- loose-envify@1.3.1
| | `-- js-tokens@3.0.2
| +-- resolve-pathname@2.2.0
| +-- value-equal@0.4.0
| `-- warning@3.0.0
|   `-- loose-envify@1.3.1 deduped
+-- meteor-node-stubs@0.3.2
| +-- assert@1.4.1
| | `-- util@0.10.3 deduped
| +-- browserify-zlib@0.1.4
| | `-- pako@0.2.9
| +-- buffer@4.9.1
| | +-- base64-js@1.2.1
| | +-- ieee754@1.1.8
| | `-- isarray@1.0.0
| +-- console-browserify@1.1.0
| | `-- date-now@0.1.4
| +-- constants-browserify@1.0.0
| +-- crypto-browserify@3.11.1
| | +-- browserify-cipher@1.0.0
| | | +-- browserify-aes@1.1.0
| | | | +-- buffer-xor@1.0.3
| | | | +-- cipher-base@1.0.4 deduped
| | | | +-- create-hash@1.1.3 deduped
| | | | +-- evp_bytestokey@1.0.3 deduped
| | | | +-- inherits@2.0.1 deduped
| | | | `-- safe-buffer@5.1.1 deduped
| | | +-- browserify-des@1.0.0
| | | | +-- cipher-base@1.0.4 deduped
| | | | +-- des.js@1.0.0
| | | | | +-- inherits@2.0.1 deduped
| | | | | `-- minimalistic-assert@1.0.0 deduped
| | | | `-- inherits@2.0.1 deduped
| | | `-- evp_bytestokey@1.0.3
| | |   +-- md5.js@1.3.4
| | |   | +-- hash-base@3.0.4
| | |   | | +-- inherits@2.0.1 deduped
| | |   | | `-- safe-buffer@5.1.1 deduped
| | |   | `-- inherits@2.0.1 deduped
| | |   `-- safe-buffer@5.1.1 deduped
| | +-- browserify-sign@4.0.4
| | | +-- bn.js@4.11.8
| | | +-- browserify-rsa@4.0.1
| | | | +-- bn.js@4.11.8 deduped
| | | | `-- randombytes@2.0.5 deduped
| | | +-- create-hash@1.1.3 deduped
| | | +-- create-hmac@1.1.6 deduped
| | | +-- elliptic@6.4.0
| | | | +-- bn.js@4.11.8 deduped
| | | | +-- brorand@1.1.0
| | | | +-- hash.js@1.1.3
| | | | | +-- inherits@2.0.3
| | | | | `-- minimalistic-assert@1.0.0 deduped
| | | | +-- hmac-drbg@1.0.1
| | | | | +-- hash.js@1.1.3 deduped
| | | | | +-- minimalistic-assert@1.0.0 deduped
| | | | | `-- minimalistic-crypto-utils@1.0.1 deduped
| | | | +-- inherits@2.0.1 deduped
| | | | +-- minimalistic-assert@1.0.0
| | | | `-- minimalistic-crypto-utils@1.0.1
| | | +-- inherits@2.0.1 deduped
| | | `-- parse-asn1@5.1.0
| | |   +-- asn1.js@4.9.1
| | |   | +-- bn.js@4.11.8 deduped
| | |   | +-- inherits@2.0.1 deduped
| | |   | `-- minimalistic-assert@1.0.0 deduped
| | |   +-- browserify-aes@1.1.0 deduped
| | |   +-- create-hash@1.1.3 deduped
| | |   +-- evp_bytestokey@1.0.3 deduped
| | |   `-- pbkdf2@3.0.14 deduped
| | +-- create-ecdh@4.0.0
| | | +-- bn.js@4.11.8 deduped
| | | `-- elliptic@6.4.0 deduped
| | +-- create-hash@1.1.3
| | | +-- cipher-base@1.0.4
| | | | +-- inherits@2.0.1 deduped
| | | | `-- safe-buffer@5.1.1 deduped
| | | +-- inherits@2.0.1 deduped
| | | +-- ripemd160@2.0.1
| | | | +-- hash-base@2.0.2
| | | | | `-- inherits@2.0.1 deduped
| | | | `-- inherits@2.0.1 deduped
| | | `-- sha.js@2.4.9
| | |   +-- inherits@2.0.1 deduped
| | |   `-- safe-buffer@5.1.1 deduped
| | +-- create-hmac@1.1.6
| | | +-- cipher-base@1.0.4 deduped
| | | +-- create-hash@1.1.3 deduped
| | | +-- inherits@2.0.1 deduped
| | | +-- ripemd160@2.0.1 deduped
| | | +-- safe-buffer@5.1.1 deduped
| | | `-- sha.js@2.4.9 deduped
| | +-- diffie-hellman@5.0.2
| | | +-- bn.js@4.11.8 deduped
| | | +-- miller-rabin@4.0.1
| | | | +-- bn.js@4.11.8 deduped
| | | | `-- brorand@1.1.0 deduped
| | | `-- randombytes@2.0.5 deduped
| | +-- inherits@2.0.1
| | +-- pbkdf2@3.0.14
| | | +-- create-hash@1.1.3 deduped
| | | +-- create-hmac@1.1.6 deduped
| | | +-- ripemd160@2.0.1 deduped
| | | +-- safe-buffer@5.1.1 deduped
| | | `-- sha.js@2.4.9 deduped
| | +-- public-encrypt@4.0.0
| | | +-- bn.js@4.11.8 deduped
| | | +-- browserify-rsa@4.0.1 deduped
| | | +-- create-hash@1.1.3 deduped
| | | +-- parse-asn1@5.1.0 deduped
| | | `-- randombytes@2.0.5 deduped
| | `-- randombytes@2.0.5
| |   `-- safe-buffer@5.1.1 deduped
| +-- domain-browser@1.1.7
| +-- events@1.1.1
| +-- http-browserify@1.7.0
| | +-- Base64@0.2.1
| | `-- inherits@2.0.1 deduped
| +-- https-browserify@0.0.1
| +-- os-browserify@0.2.1
| +-- path-browserify@0.0.0
| +-- process@0.11.10
| +-- punycode@1.4.1
| +-- querystring-es3@0.2.1
| +-- readable-stream@2.3.3 (git+https://github.com/meteor/readable-stream.git#d64a64aa6061b9b6855feff4d09e58fb3b2e4502)
| | +-- inherits@2.0.3
| | +-- isarray@1.0.0 deduped
| | +-- process-nextick-args@1.0.7
| | +-- safe-buffer@5.1.1
| | +-- string_decoder@1.0.3 deduped
| | `-- util-deprecate@1.0.2
| +-- rimraf@2.6.2 extraneous
| +-- stream-browserify@2.0.1
| | +-- inherits@2.0.1 deduped
| | `-- readable-stream@2.3.3 deduped (git+https://github.com/meteor/readable-stream.git#d64a64aa6061b9b6855feff4d09e58fb3b2e4502)
| +-- string_decoder@1.0.3
| | `-- safe-buffer@5.1.1 deduped
| +-- timers-browserify@1.4.2
| | `-- process@0.11.10 deduped
| +-- tty-browserify@0.0.0
| +-- url@0.11.0
| | +-- punycode@1.3.2
| | `-- querystring@0.2.0
| +-- util@0.10.3
| | `-- inherits@2.0.1 deduped
| `-- vm-browserify@0.0.4
|   `-- indexof@0.0.1
+-- moment@2.19.2
+-- prop-types@15.6.0
| +-- fbjs@0.8.16
| | +-- core-js@1.2.7
| | +-- isomorphic-fetch@2.2.1
| | | +-- node-fetch@1.7.3
| | | | +-- encoding@0.1.12
| | | | | `-- iconv-lite@0.4.19
| | | | `-- is-stream@1.1.0
| | | `-- whatwg-fetch@2.0.3
| | +-- loose-envify@1.3.1 deduped
| | +-- object-assign@4.1.1 deduped
| | +-- promise@7.3.1
| | | `-- asap@2.0.6
| | +-- setimmediate@1.0.5
| | `-- ua-parser-js@0.7.17
| +-- loose-envify@1.3.1 deduped
| `-- object-assign@4.1.1
+-- react@16.0.0
| +-- fbjs@0.8.16 deduped
| +-- loose-envify@1.3.1 deduped
| +-- object-assign@4.1.1 deduped
| `-- prop-types@15.6.0 deduped
+-- react-dom@16.0.0
| +-- fbjs@0.8.16 deduped
| +-- loose-envify@1.3.1 deduped
| +-- object-assign@4.1.1 deduped
| `-- prop-types@15.6.0 deduped
+-- react-router@4.2.0
| +-- history@4.7.2 deduped
| +-- hoist-non-react-statics@2.3.1
| +-- invariant@2.2.2 deduped
| +-- loose-envify@1.3.1 deduped
| +-- path-to-regexp@1.7.0
| | `-- isarray@0.0.1
| +-- prop-types@15.6.0 deduped
| `-- warning@3.0.0 deduped
+-- react-router-dom@4.2.2
| +-- history@4.7.2 deduped
| +-- invariant@2.2.2 deduped
| +-- loose-envify@1.3.1 deduped
| +-- prop-types@15.6.0 deduped
| +-- react-router@4.2.0 deduped
| `-- warning@3.0.0 deduped
`-- simpl-schema@0.4.0
  +-- clone@2.1.1
  +-- extend@3.0.1
  +-- message-box@0.1.1
  | +-- lodash.merge@4.6.0
  | `-- lodash.template@4.4.0
  |   +-- lodash._reinterpolate@3.0.0
  |   `-- lodash.templatesettings@4.1.0
  |     `-- lodash._reinterpolate@3.0.0 deduped
  +-- mongo-object@0.0.2
  | +-- lodash.foreach@4.5.0
  | +-- lodash.isempty@4.4.0
  | +-- lodash.isobject@3.0.2
  | `-- lodash.without@4.4.0
  `-- underscore@1.8.3

